INFO:root:Resultado del método calcula_antiguedad: 5140
INFO:root:Resultado del método calcula_antiguedad: 5140
INFO:root:Resultado del método calcula_vacaciones: 20 días hábiles o 28 corridos
INFO:root:Resultado del método calcula_antiguedad: 5140
INFO:root:Resultado del método calcula_pago_antiguedad: 56291.37
INFO:root:Resultado del método calcula_pago_presentismo: 40000
INFO:root:Resultado del método modificar: Se modifico {'sueldo': {'De:': '400000', 'A:': '22332222'}, 'fecha_ingreso': {'De:': '2009-07-01', 'A:': datetime.date(2009, 7, 1)}}
INFO:root:Resultado del método nombre_completo: sf fdsdfa
INFO:root:Resultado del método alta: Se ingreso a sf fdsdfa
INFO:root:Resultado del método nombre_completo: 232 erew
INFO:root:Resultado del método alta: Se ingreso a 232 erew
INFO:root:Resultado del método calcula_antiguedad: 0
INFO:root:Resultado del método calcula_antiguedad: 0
INFO:root:Resultado del método calcula_vacaciones: 0.0 dias
INFO:root:Resultado del método calcula_antiguedad: 0
INFO:root:Resultado del método calcula_pago_antiguedad: 0.0
INFO:root:Resultado del método calcula_pago_presentismo: 234
INFO:root:Resultado del método modificar: None
INFO:root:Resultado del método nombre_completo: 232 erew
INFO:root:Resultado del método baja: Se elimino a 232 erew
INFO:root:Resultado del método nombre_completo: sf fdsdfa
INFO:root:Resultado del método baja: Se elimino a sf fdsdfa
INFO:root:Resultado del método calcula_antiguedad: 5141
INFO:root:Resultado del método calcula_antiguedad: 5141
INFO:root:Resultado del método calcula_vacaciones: 20 días hábiles o 28 corridos
INFO:root:Resultado del método calcula_antiguedad: 5141
INFO:root:Resultado del método calcula_pago_antiguedad: 3143389.76
INFO:root:Resultado del método calcula_pago_presentismo: 2233222
INFO:root:Resultado del método modificar: Se modifico {'sueldo': {'De:': '22332222', 'A:': '400000'}, 'fecha_ingreso': {'De:': '2009-07-01', 'A:': datetime.date(2009, 7, 1)}}
INFO:root:Resultado del método calcula_antiguedad: 5141
INFO:root:Resultado del método calcula_antiguedad: 5141
INFO:root:Resultado del método calcula_vacaciones: 20 días hábiles o 28 corridos
INFO:root:Resultado del método calcula_antiguedad: 5141
INFO:root:Resultado del método calcula_pago_antiguedad: 56302.32
INFO:root:Resultado del método calcula_pago_presentismo: 40000
INFO:root:Resultado del método calcula_antiguedad: 1
INFO:root:Resultado del método calcula_antiguedad: 1
INFO:root:Resultado del método calcula_vacaciones: 0.05 dias
INFO:root:Resultado del método calcula_antiguedad: 1
INFO:root:Resultado del método calcula_pago_antiguedad: 10.95
INFO:root:Resultado del método calcula_pago_presentismo: 40000
INFO:root:Resultado del método modificar: Se modifico {'nombre': {'De:': 'tato ', 'A:': 'Tato'}, 'fecha_ingreso': {'De:': '2023-07-28', 'A:': datetime.date(2023, 7, 28)}}
INFO:root:Resultado del método nombre_completo: df sdf
INFO:root:Resultado del método alta: Se ingreso a df sdf
INFO:root:Resultado del método nombre_completo: df sdf
INFO:root:Resultado del método baja: Se elimino a df sdf
INFO:root:Resultado del método calcula_antiguedad: 1
INFO:root:Resultado del método calcula_antiguedad: 1
INFO:root:Resultado del método calcula_vacaciones: 0.05 dias
INFO:root:Resultado del método calcula_antiguedad: 1
INFO:root:Resultado del método calcula_pago_antiguedad: 10.95
INFO:root:Resultado del método calcula_pago_presentismo: 40000
INFO:root:Resultado del método modificar: Se modifico {'fecha_ingreso': {'De:': '2023-07-28', 'A:': datetime.date(2023, 7, 28)}}
INFO:root:Resultado del método calcula_antiguedad: 5141
INFO:root:Resultado del método calcula_antiguedad: 5141
INFO:root:Resultado del método calcula_vacaciones: 20 días hábiles o 28 corridos
INFO:root:Resultado del método calcula_antiguedad: 5141
INFO:root:Resultado del método calcula_pago_antiguedad: 56302.32
INFO:root:Resultado del método calcula_pago_presentismo: 40000
INFO:root:Resultado del método modificar: Se modifico {'nombre': {'De:': 'Augusto', 'A:': 'Cesar Augusto'}, 'fecha_ingreso': {'De:': '2009-07-01', 'A:': datetime.date(2009, 7, 1)}}
INFO:root:Resultado del método calcula_antiguedad: 5141
INFO:root:Resultado del método calcula_antiguedad: 5141
INFO:root:Resultado del método calcula_vacaciones: 20 días hábiles o 28 corridos
INFO:root:Resultado del método calcula_antiguedad: 5141
INFO:root:Resultado del método calcula_pago_antiguedad: 56302.32
INFO:root:Resultado del método calcula_pago_presentismo: 40000
INFO:root:Resultado del método modificar: Se modifico {'sueldo': {'De:': '400000', 'A:': '4000008'}, 'fecha_ingreso': {'De:': '2009-07-01', 'A:': datetime.date(2009, 7, 1)}}
INFO:root:Resultado del método calcula_antiguedad: 1
INFO:root:Resultado del método calcula_antiguedad: 1
INFO:root:Resultado del método calcula_vacaciones: 0.05 dias
INFO:root:Resultado del método calcula_antiguedad: 1
INFO:root:Resultado del método calcula_pago_antiguedad: 10.95
INFO:root:Resultado del método calcula_pago_presentismo: 40000
INFO:root:Resultado del método modificar: Se modifico {'apellido': {'De:': 'gervasutti', 'A:': 'Gervasutti'}, 'fecha_ingreso': {'De:': '2023-07-28', 'A:': datetime.date(2023, 7, 28)}}
INFO:root:Resultado del método nombre_completo: dsf sdfd
INFO:root:Resultado del método alta: Se ingreso a dsf sdfd
INFO:root:Resultado del método nombre_completo: fsaff dsfdf
INFO:root:Resultado del método alta: Se ingreso a fsaff dsfdf
INFO:root:Resultado del método nombre_completo: fsaff dsfdf
INFO:root:Resultado del método baja: Se elimino a fsaff dsfdf
INFO:root:Resultado del método nombre_completo: dsf sdfd
INFO:root:Resultado del método baja: Se elimino a dsf sdfd
INFO:root:Resultado del método nombre_completo: sdf sdf
INFO:root:Resultado del método baja: Se elimino a sdf sdf
INFO:root:Resultado del método nombre_completo: fsdfd fsdf3233
INFO:root:Resultado del método alta: Se ingreso a fsdfd fsdf3233
INFO:root:Resultado del método nombre_completo: fsdfd fsdf3233
INFO:root:Resultado del método baja: Se elimino a fsdfd fsdf3233
INFO:root:Resultado del método nombre_completo: sfd dsff222
INFO:root:Resultado del método baja: Se elimino a sfd dsff222
INFO:root:Resultado del método nombre_completo: sfesf dsffd
INFO:root:Resultado del método alta: Se ingreso a sfesf dsffd
INFO:root:Resultado del método nombre_completo: sdf sdf
INFO:root:Resultado del método alta: Se ingreso a sdf sdf
INFO:root:Resultado del método nombre_completo: dsfsf fdsfs
INFO:root:Resultado del método alta: Se ingreso a dsfsf fdsfs
INFO:root:Resultado del método nombre_completo: sdfsdf dsafdsf
INFO:root:Resultado del método alta: Se ingreso a sdfsdf dsafdsf
INFO:root:Resultado del método nombre_completo: sdfsdf dsafdsf
INFO:root:Resultado del método baja: Se elimino a sdfsdf dsafdsf
INFO:root:Resultado del método calcula_antiguedad: 3
INFO:root:Resultado del método calcula_antiguedad: 3
INFO:root:Resultado del método calcula_vacaciones: 0.15 dias
INFO:root:Resultado del método calcula_antiguedad: 3
INFO:root:Resultado del método calcula_pago_antiguedad: 19.16
INFO:root:Resultado del método calcula_pago_presentismo: 23323
INFO:root:Resultado del método nombre_completo: ewrewr dsfdf
INFO:root:Resultado del método alta: Se ingreso a ewrewr dsfdf
INFO:root:Resultado del método alta: ERROR AL INGRESAR EL CUIT DE  
INFO:root:Resultado del método calcula_antiguedad: 5144
INFO:root:Resultado del método calcula_antiguedad: 5144
INFO:root:Resultado del método calcula_vacaciones: 20 días hábiles o 28 corridos
INFO:root:Resultado del método calcula_antiguedad: 5144
INFO:root:Resultado del método calcula_pago_antiguedad: 563352.87
INFO:root:Resultado del método calcula_pago_presentismo: 400001
INFO:root:Resultado del método modificar: None
